d:\dauphine\programmation par composants\tp noté\ppc_composant-4\consoleapplication2-dll\consoleapplication2\debug\composant3dll.pch
d:\dauphine\programmation par composants\tp noté\ppc_composant-4\consoleapplication2-dll\consoleapplication2\debug\vc140.pdb
d:\dauphine\programmation par composants\tp noté\ppc_composant-4\consoleapplication2-dll\consoleapplication2\debug\vc140.idb
d:\dauphine\programmation par composants\tp noté\ppc_composant-4\consoleapplication2-dll\consoleapplication2\debug\stdafx.obj
d:\dauphine\programmation par composants\tp noté\ppc_composant-4\consoleapplication2-dll\consoleapplication2\debug\consoleapplication2.obj
d:\dauphine\programmation par composants\tp noté\ppc_composant-4\consoleapplication2-dll\consoleapplication2\debug\dummybloc.obj
d:\dauphine\programmation par composants\tp noté\ppc_composant-4\consoleapplication2-dll\consoleapplication2\debug\mineur.obj
d:\dauphine\programmation par composants\tp noté\ppc_composant-4\consoleapplication2-dll\consoleapplication2\debug\dllmain.obj
d:\dauphine\programmation par composants\tp noté\ppc_composant-4\blockchain_aggregation\debug\composant3dll.lib
d:\dauphine\programmation par composants\tp noté\ppc_composant-4\blockchain_aggregation\debug\composant3dll.exp
d:\dauphine\programmation par composants\tp noté\ppc_composant-4\blockchain_aggregation\debug\composant3dll.ilk
d:\dauphine\programmation par composants\tp noté\ppc_composant-4\blockchain_aggregation\debug\composant3dll.dll
d:\dauphine\programmation par composants\tp noté\ppc_composant-4\blockchain_aggregation\debug\composant3dll.pdb
d:\dauphine\programmation par composants\tp noté\ppc_composant-4\consoleapplication2-dll\consoleapplication2\debug\composant3dll.tlog\cl.command.1.tlog
d:\dauphine\programmation par composants\tp noté\ppc_composant-4\consoleapplication2-dll\consoleapplication2\debug\composant3dll.tlog\cl.read.1.tlog
d:\dauphine\programmation par composants\tp noté\ppc_composant-4\consoleapplication2-dll\consoleapplication2\debug\composant3dll.tlog\cl.write.1.tlog
d:\dauphine\programmation par composants\tp noté\ppc_composant-4\consoleapplication2-dll\consoleapplication2\debug\composant3dll.tlog\composant3dll.write.1u.tlog
d:\dauphine\programmation par composants\tp noté\ppc_composant-4\consoleapplication2-dll\consoleapplication2\debug\composant3dll.tlog\link.command.1.tlog
d:\dauphine\programmation par composants\tp noté\ppc_composant-4\consoleapplication2-dll\consoleapplication2\debug\composant3dll.tlog\link.read.1.tlog
d:\dauphine\programmation par composants\tp noté\ppc_composant-4\consoleapplication2-dll\consoleapplication2\debug\composant3dll.tlog\link.write.1.tlog
